\BOOKMARK [1][-]{section.1}{\376\377\000I\000n\000t\000r\000o\000d\000u\000c\000t\000i\000o\000n}{}% 1
\BOOKMARK [2][-]{subsection.1.1}{\376\377\000P\000r\000e\000c\000e\000d\000e\000n\000t}{section.1}% 2
\BOOKMARK [2][-]{subsection.1.2}{\376\377\000C\000o\000n\000t\000r\000i\000b\000u\000t\000i\000o\000n}{section.1}% 3
\BOOKMARK [3][-]{subsubsection.1.2.1}{\376\377\000A\000\040\000S\000i\000n\000g\000l\000e\000\040\000A\000x\000i\000o\000m\000a\000t\000i\000c\000\040\000F\000o\000u\000n\000d\000a\000t\000i\000o\000n\000\040\000o\000f\000\040\000D\000y\000n\000a\000m\000i\000c\000\040\000C\000a\000u\000s\000a\000l\000i\000t\000y}{subsection.1.2}% 4
\BOOKMARK [3][-]{subsubsection.1.2.2}{\376\377\000A\000\040\000F\000o\000r\000m\000a\000l\000i\000s\000m\000\040\000f\000o\000r\000\040\000D\000y\000n\000a\000m\000i\000c\000\040\000a\000n\000d\000\040\000E\000m\000e\000r\000g\000e\000n\000t\000\040\000C\000a\000u\000s\000a\000l\000\040\000S\000t\000r\000u\000c\000t\000u\000r\000e\000s}{subsection.1.2}% 5
\BOOKMARK [3][-]{subsubsection.1.2.3}{\376\377\000A\000\040\000C\000o\000m\000p\000u\000t\000a\000b\000l\000e\000\040\000E\000t\000h\000i\000c\000s\000\040\000F\000r\000a\000m\000e\000w\000o\000r\000k\000\040\000f\000o\000r\000\040\000V\000e\000r\000i\000f\000i\000a\000b\000l\000e\000\040\000S\000a\000f\000e\000t\000y}{subsection.1.2}% 6
\BOOKMARK [3][-]{subsubsection.1.2.4}{\376\377\000A\000\040\000R\000e\000f\000e\000r\000e\000n\000c\000e\000\040\000I\000m\000p\000l\000e\000m\000e\000n\000t\000a\000t\000i\000o\000n\000\040\000i\000n\000\040\000R\000u\000s\000t}{subsection.1.2}% 7
\BOOKMARK [3][-]{subsubsection.1.2.5}{\376\377\000C\000o\000d\000e\000\040\000E\000x\000a\000m\000p\000l\000e\000s}{subsection.1.2}% 8
\BOOKMARK [2][-]{subsection.1.3}{\376\377\000S\000t\000r\000u\000c\000t\000u\000r\000e}{section.1}% 9
\BOOKMARK [1][-]{section.2}{\376\377\000R\000e\000l\000a\000t\000e\000d\000\040\000W\000o\000r\000k}{}% 10
\BOOKMARK [2][-]{subsection.2.1}{\376\377\000F\000o\000u\000n\000d\000a\000t\000i\000o\000n\000a\000l\000\040\000T\000h\000e\000o\000r\000i\000e\000s\000\040\000o\000f\000\040\000C\000a\000u\000s\000a\000l\000\040\000I\000n\000f\000e\000r\000e\000n\000c\000e}{section.2}% 11
\BOOKMARK [3][-]{subsubsection.2.1.1}{\376\377\000D\000i\000r\000e\000c\000t\000e\000d\000\040\000A\000c\000y\000c\000l\000i\000c\000\040\000G\000r\000a\000p\000h\000s\000\040\000\050\000D\000A\000G\000s\000\051}{subsection.2.1}% 12
\BOOKMARK [3][-]{subsubsection.2.1.2}{\376\377\000S\000t\000r\000u\000c\000t\000u\000r\000a\000l\000\040\000C\000a\000u\000s\000a\000l\000\040\000M\000o\000d\000e\000l\000\040\000\050\000S\000C\000M\000\051}{subsection.2.1}% 13
\BOOKMARK [3][-]{subsubsection.2.1.3}{\376\377\000C\000o\000u\000n\000t\000e\000r\000f\000a\000c\000t\000u\000a\000l\000s\000:\000\040\000W\000h\000a\000t\000\040\000i\000f\000?}{subsection.2.1}% 14
\BOOKMARK [3][-]{subsubsection.2.1.4}{\376\377\000P\000o\000t\000e\000n\000t\000i\000a\000l\000\040\000O\000u\000t\000c\000o\000m\000e\000s}{subsection.2.1}% 15
\BOOKMARK [2][-]{subsection.2.2}{\376\377\000I\000n\000v\000a\000r\000i\000a\000n\000t\000\040\000P\000r\000e\000d\000i\000c\000t\000i\000o\000n\000\040\000a\000n\000d\000\040\000O\000u\000t\000-\000o\000f\000-\000D\000i\000s\000t\000r\000i\000b\000u\000t\000i\000o\000n\000\040\000G\000e\000n\000e\000r\000a\000l\000i\000z\000a\000t\000i\000o\000n}{section.2}% 16
\BOOKMARK [2][-]{subsection.2.3}{\376\377\000C\000a\000u\000s\000a\000l\000\040\000D\000i\000s\000c\000o\000v\000e\000r\000y}{section.2}% 17
\BOOKMARK [2][-]{subsection.2.4}{\376\377\000C\000a\000u\000s\000a\000l\000\040\000I\000n\000f\000e\000r\000e\000n\000c\000e\000\040\000a\000n\000d\000\040\000D\000i\000s\000c\000o\000v\000e\000r\000y\000\040\000f\000o\000r\000\040\000\050\000H\000y\000p\000e\000r\000\051\000g\000r\000a\000p\000h\000s}{section.2}% 18
\BOOKMARK [2][-]{subsection.2.5}{\376\377\000C\000a\000u\000s\000a\000l\000\040\000I\000n\000f\000e\000r\000e\000n\000c\000e\000\040\000f\000o\000r\000\040\000T\000i\000m\000e\000\040\000S\000e\000r\000i\000e\000s}{section.2}% 19
\BOOKMARK [2][-]{subsection.2.6}{\376\377\000T\000h\000e\000\040\000R\000o\000l\000e\000\040\000o\000f\000\040\000C\000o\000n\000t\000e\000x\000t\000\040\000i\000n\000\040\000C\000a\000u\000s\000a\000l\000\040\000I\000n\000f\000e\000r\000e\000n\000c\000e}{section.2}% 20
\BOOKMARK [2][-]{subsection.2.7}{\376\377\000H\000i\000e\000r\000a\000r\000c\000h\000i\000c\000a\000l\000\040\000C\000a\000u\000s\000a\000l\000i\000t\000y}{section.2}% 21
\BOOKMARK [2][-]{subsection.2.8}{\376\377\000\050\000G\000e\000o\000m\000e\000t\000r\000i\000c\000\051\000\040\000D\000e\000e\000p\000\040\000L\000e\000a\000r\000n\000i\000n\000g\000\040\000f\000o\000r\000\040\000C\000a\000u\000s\000a\000l\000\040\000I\000n\000f\000e\000r\000e\000n\000c\000e\000\040\000a\000n\000d\000\040\000R\000e\000p\000r\000e\000s\000e\000n\000t\000a\000t\000i\000o\000n}{section.2}% 22
\BOOKMARK [2][-]{subsection.2.9}{\376\377\000C\000a\000u\000s\000a\000l\000\040\000R\000e\000p\000r\000e\000s\000e\000n\000t\000a\000t\000i\000o\000n\000\040\000L\000e\000a\000r\000n\000i\000n\000g}{section.2}% 23
\BOOKMARK [2][-]{subsection.2.10}{\376\377\000T\000h\000e\000\040\000C\000a\000u\000s\000a\000l\000o\000i\000d\000\040\000F\000r\000a\000m\000e\000w\000o\000r\000k}{section.2}% 24
\BOOKMARK [2][-]{subsection.2.11}{\376\377\000C\000o\000m\000p\000u\000t\000a\000t\000i\000o\000n\000a\000l\000\040\000C\000a\000u\000s\000a\000l\000i\000t\000y\000\040\000L\000i\000b\000r\000a\000r\000i\000e\000s}{section.2}% 25
\BOOKMARK [3][-]{subsubsection.2.11.1}{\376\377\000D\000o\000W\000h\000y\000\040\000\050\000M\000i\000c\000r\000o\000s\000o\000f\000t\000\051}{subsection.2.11}% 26
\BOOKMARK [3][-]{subsubsection.2.11.2}{\376\377\000E\000c\000o\000n\000M\000L\000\040\000\050\000M\000i\000c\000r\000o\000s\000o\000f\000t\000\051}{subsection.2.11}% 27
\BOOKMARK [3][-]{subsubsection.2.11.3}{\376\377\000C\000a\000u\000s\000a\000l\000M\000L\000\040\000\050\000U\000b\000e\000r\000\051}{subsection.2.11}% 28
\BOOKMARK [3][-]{subsubsection.2.11.4}{\376\377\000C\000a\000u\000s\000a\000l\000N\000e\000x\000\040\000\050\000M\000c\000K\000i\000n\000s\000e\000y\000\051}{subsection.2.11}% 29
\BOOKMARK [3][-]{subsubsection.2.11.5}{\376\377\000M\000e\000r\000i\000d\000i\000a\000n\000\040\000\050\000G\000o\000o\000g\000l\000e\000\051}{subsection.2.11}% 30
\BOOKMARK [2][-]{subsection.2.12}{\376\377\000C\000a\000u\000s\000a\000l\000\040\000I\000n\000f\000e\000r\000e\000n\000c\000e\000\040\000w\000i\000t\000h\000\040\000L\000a\000r\000g\000e\000\040\000L\000a\000n\000g\000u\000a\000g\000e\000\040\000M\000o\000d\000e\000l\000s\000\040\000\050\000L\000L\000M\000s\000\051}{section.2}% 31
\BOOKMARK [2][-]{subsection.2.13}{\376\377\000I\000n\000-\000c\000o\000n\000t\000e\000x\000t\000\040\000C\000a\000u\000s\000a\000l\000\040\000R\000e\000a\000s\000o\000n\000i\000n\000g\000\040\000w\000i\000t\000h\000\040\000L\000a\000r\000g\000e\000\040\000L\000a\000n\000g\000u\000a\000g\000e\000\040\000M\000o\000d\000e\000l\000s}{section.2}% 32
\BOOKMARK [2][-]{subsection.2.14}{\376\377\000C\000a\000u\000s\000a\000l\000\040\000I\000n\000f\000e\000r\000e\000n\000c\000e\000\040\000a\000t\000\040\000I\000n\000d\000u\000s\000t\000r\000y\000\040\000S\000c\000a\000l\000e}{section.2}% 33
\BOOKMARK [2][-]{subsection.2.15}{\376\377\000B\000o\000u\000n\000d\000a\000r\000i\000e\000s\000\040\000o\000f\000\040\000C\000l\000a\000s\000s\000i\000c\000a\000l\000\040\000C\000a\000u\000s\000a\000l\000\040\000M\000e\000t\000h\000o\000d\000s}{section.2}% 34
\BOOKMARK [2][-]{subsection.2.16}{\376\377\000B\000e\000y\000o\000n\000d\000\040\000C\000l\000a\000s\000s\000i\000c\000a\000l\000\040\000C\000a\000u\000s\000a\000l\000\040\000M\000o\000d\000e\000l\000s}{section.2}% 35
\BOOKMARK [1][-]{section.3}{\376\377\000P\000h\000i\000l\000o\000s\000o\000p\000h\000y\000\040\000o\000f\000\040\000C\000a\000u\000s\000a\000l\000i\000t\000y}{}% 36
\BOOKMARK [2][-]{subsection.3.1}{\376\377\000T\000h\000e\000\040\000C\000l\000a\000s\000s\000i\000c\000a\000l\000\040\000P\000h\000i\000l\000o\000s\000o\000p\000h\000y\000\040\000o\000f\000\040\000C\000a\000u\000s\000a\000l\000i\000t\000y}{section.3}% 37
\BOOKMARK [3][-]{subsubsection.3.1.1}{\376\377\000P\000l\000a\000t\000o}{subsection.3.1}% 38
\BOOKMARK [3][-]{subsubsection.3.1.2}{\376\377\000A\000r\000i\000s\000t\000o\000t\000l\000e}{subsection.3.1}% 39
\BOOKMARK [3][-]{subsubsection.3.1.3}{\376\377\000S\000e\000n\000e\000c\000a}{subsection.3.1}% 40
\BOOKMARK [2][-]{subsection.3.2}{\376\377\000T\000h\000e\000\040\000R\000e\000a\000l\000i\000s\000t\000\040\000V\000i\000e\000w\000:\000\040\000D\000i\000s\000c\000o\000v\000e\000r\000i\000n\000g\000\040\000C\000a\000u\000s\000a\000l\000\040\000L\000a\000w\000s}{section.3}% 41
\BOOKMARK [3][-]{subsubsection.3.2.1}{\376\377\000G\000o\000t\000t\000f\000r\000i\000e\000d\000\040\000W\000i\000l\000h\000e\000l\000m\000\040\000L\000e\000i\000b\000n\000i\000z}{subsection.3.2}% 42
\BOOKMARK [3][-]{subsubsection.3.2.2}{\376\377\000J\000o\000h\000n\000\040\000S\000t\000u\000a\000r\000t\000\040\000M\000i\000l\000l}{subsection.3.2}% 43
\BOOKMARK [3][-]{subsubsection.3.2.3}{\376\377\000A\000l\000b\000e\000r\000t\000\040\000E\000i\000n\000s\000t\000e\000i\000n}{subsection.3.2}% 44
\BOOKMARK [2][-]{subsection.3.3}{\376\377\000T\000h\000e\000\040\000E\000m\000p\000i\000r\000i\000c\000i\000s\000t\000\040\000V\000i\000e\000w\000:\000\040\000C\000o\000n\000s\000t\000r\000u\000c\000t\000i\000n\000g\000\040\000C\000a\000u\000s\000a\000l\000\040\000M\000o\000d\000e\000l\000s}{section.3}% 45
\BOOKMARK [3][-]{subsubsection.3.3.1}{\376\377\000D\000a\000v\000i\000d\000\040\000H\000u\000m\000e}{subsection.3.3}% 46
\BOOKMARK [3][-]{subsubsection.3.3.2}{\376\377\000I\000m\000m\000a\000n\000u\000e\000l\000\040\000K\000a\000n\000t}{subsection.3.3}% 47
\BOOKMARK [3][-]{subsubsection.3.3.3}{\376\377\000H\000a\000n\000s\000\040\000R\000e\000i\000c\000h\000e\000n\000b\000a\000c\000h}{subsection.3.3}% 48
\BOOKMARK [3][-]{subsubsection.3.3.4}{\376\377\000K\000a\000r\000l\000\040\000P\000o\000p\000p\000e\000r}{subsection.3.3}% 49
\BOOKMARK [2][-]{subsection.3.4}{\376\377\000T\000h\000e\000\040\000P\000r\000a\000c\000t\000i\000c\000a\000l\000\040\000V\000i\000e\000w\000:\000\040\000C\000a\000u\000s\000a\000l\000i\000t\000y\000\040\000i\000n\000\040\000P\000h\000y\000s\000i\000c\000s}{section.3}% 50
\BOOKMARK [3][-]{subsubsection.3.4.1}{\376\377\000B\000e\000r\000t\000r\000a\000n\000d\000\040\000R\000u\000s\000s\000e\000l\000l}{subsection.3.4}% 51
\BOOKMARK [3][-]{subsubsection.3.4.2}{\376\377\000C\000a\000u\000s\000a\000l\000i\000t\000y\000\040\000i\000n\000\040\000Q\000u\000a\000n\000t\000u\000m\000\040\000P\000h\000y\000s\000i\000c\000s}{subsection.3.4}% 52
\BOOKMARK [2][-]{subsection.3.5}{\376\377\000T\000h\000e\000\040\000P\000r\000o\000c\000e\000s\000s\000\040\000V\000i\000e\000w\000:\000\040\000C\000a\000u\000s\000a\000l\000i\000t\000y\000\040\000a\000s\000\040\000a\000\040\000P\000r\000o\000c\000e\000s\000s}{section.3}% 53
\BOOKMARK [3][-]{subsubsection.3.5.1}{\376\377\000W\000i\000t\000t\000g\000e\000n\000s\000t\000e\000i\000n\000'\000s\000\040\000C\000r\000i\000t\000i\000q\000u\000e}{subsection.3.5}% 54
\BOOKMARK [3][-]{subsubsection.3.5.2}{\376\377\000W\000h\000i\000t\000e\000h\000e\000a\000d\000'\000s\000\040\000P\000r\000o\000c\000e\000s\000s\000\040\000a\000n\000d\000\040\000R\000e\000a\000l\000i\000t\000y}{subsection.3.5}% 55
\BOOKMARK [2][-]{subsection.3.6}{\376\377\000T\000h\000e\000\040\000F\000u\000n\000c\000t\000i\000o\000n\000a\000l\000\040\000V\000i\000e\000w\000\040\000o\000f\000\040\000C\000a\000u\000s\000a\000l\000i\000t\000y}{section.3}% 56
\BOOKMARK [3][-]{subsubsection.3.6.1}{\376\377\000T\000h\000e\000\040\000A\000x\000i\000o\000m\000\040\000o\000f\000\040\000P\000r\000o\000c\000e\000s\000s\000\040\000C\000a\000u\000s\000a\000l\000i\000t\000y}{subsection.3.6}% 57
\BOOKMARK [3][-]{subsubsection.3.6.2}{\376\377\000C\000o\000n\000s\000e\000q\000u\000e\000n\000c\000e\000s\000\040\000o\000f\000\040\000t\000h\000e\000\040\000S\000i\000n\000g\000l\000e\000\040\000A\000x\000i\000o\000m}{subsection.3.6}% 58
\BOOKMARK [2][-]{subsection.3.7}{\376\377\000D\000i\000s\000c\000u\000s\000s\000i\000o\000n}{section.3}% 59
\BOOKMARK [1][-]{section.4}{\376\377\000C\000a\000u\000s\000a\000l\000i\000t\000y\000\040\000a\000s\000\040\000E\000f\000f\000e\000c\000t\000\040\000P\000r\000o\000p\000a\000g\000a\000t\000i\000o\000n\000\040\000P\000r\000o\000c\000e\000s\000s}{}% 60
\BOOKMARK [2][-]{subsection.4.1}{\376\377\000D\000e\000f\000i\000n\000i\000t\000i\000o\000n}{section.4}% 61
\BOOKMARK [3][-]{subsubsection.4.1.1}{\376\377\000C\000l\000a\000s\000s\000i\000c\000a\000l\000\040\000D\000e\000f\000i\000n\000i\000t\000i\000o\000n\000\040\000o\000f\000\040\000C\000a\000u\000s\000a\000l\000i\000t\000y}{subsection.4.1}% 62
\BOOKMARK [3][-]{subsubsection.4.1.2}{\376\377\000D\000e\000c\000o\000m\000p\000o\000s\000i\000t\000i\000o\000n\000\040\000o\000f\000\040\000C\000l\000a\000s\000s\000i\000c\000a\000l\000\040\000C\000a\000u\000s\000a\000l\000i\000t\000y}{subsection.4.1}% 63
\BOOKMARK [3][-]{subsubsection.4.1.3}{\376\377\000G\000e\000n\000e\000r\000a\000l\000i\000z\000e\000d\000\040\000D\000e\000f\000i\000n\000i\000t\000i\000o\000n\000\040\000o\000f\000\040\000C\000a\000u\000s\000a\000l\000i\000t\000y}{subsection.4.1}% 64
\BOOKMARK [3][-]{subsubsection.4.1.4}{\376\377\000A\000x\000i\000o\000m\000\040\000o\000f\000\040\000C\000a\000u\000s\000a\000l\000i\000t\000y}{subsection.4.1}% 65
\BOOKMARK [3][-]{subsubsection.4.1.5}{\376\377\000T\000h\000e\000\040\000C\000a\000u\000s\000a\000l\000\040\000I\000n\000v\000a\000r\000i\000a\000n\000t\000:\000\040\000M\000e\000c\000h\000a\000n\000i\000s\000m\000\040\000A\000u\000t\000o\000n\000o\000m\000y}{subsection.4.1}% 66
\BOOKMARK [3][-]{subsubsection.4.1.6}{\376\377\000R\000e\000c\000o\000n\000s\000t\000r\000u\000c\000t\000i\000o\000n\000\040\000o\000f\000\040\000C\000l\000a\000s\000s\000i\000c\000a\000l\000\040\000C\000a\000u\000s\000a\000l\000i\000t\000y}{subsection.4.1}% 67
\BOOKMARK [3][-]{subsubsection.4.1.7}{\376\377\000H\000i\000g\000h\000e\000r\000-\000O\000r\000d\000e\000r\000\040\000I\000m\000p\000l\000i\000c\000a\000t\000i\000o\000n\000s}{subsection.4.1}% 68
\BOOKMARK [2][-]{subsection.4.2}{\376\377\000O\000v\000e\000r\000v\000i\000e\000w\000\040\000o\000f\000\040\000t\000h\000e\000\040\000E\000P\000P}{section.4}% 69
\BOOKMARK [2][-]{subsection.4.3}{\376\377\000E\000x\000p\000l\000i\000c\000i\000t\000\040\000A\000s\000s\000u\000m\000p\000t\000i\000o\000n\000s}{section.4}% 70
\BOOKMARK [2][-]{subsection.4.4}{\376\377\000C\000o\000n\000t\000e\000x\000t}{section.4}% 71
\BOOKMARK [3][-]{subsubsection.4.4.1}{\376\377\000T\000h\000e\000\040\000D\000u\000a\000l\000\040\000R\000o\000l\000e\000\040\000o\000f\000\040\000C\000o\000n\000t\000e\000x\000t}{subsection.4.4}% 72
\BOOKMARK [2][-]{subsection.4.5}{\376\377\000C\000a\000u\000s\000a\000l\000o\000i\000d}{section.4}% 73
\BOOKMARK [2][-]{subsection.4.6}{\376\377\000C\000a\000u\000s\000a\000l\000o\000i\000d\000\040\000C\000o\000l\000l\000e\000c\000t\000i\000o\000n}{section.4}% 74
\BOOKMARK [2][-]{subsection.4.7}{\376\377\000C\000a\000u\000s\000a\000l\000o\000i\000d\000\040\000G\000r\000a\000p\000h}{section.4}% 75
\BOOKMARK [2][-]{subsection.4.8}{\376\377\000P\000r\000o\000p\000a\000g\000a\000t\000i\000n\000g\000E\000f\000f\000e\000c\000t}{section.4}% 76
\BOOKMARK [2][-]{subsection.4.9}{\376\377\000D\000y\000n\000a\000m\000i\000c\000\040\000R\000e\000a\000s\000o\000n\000i\000n\000g\000\040\000M\000o\000d\000a\000l\000i\000t\000i\000e\000s}{section.4}% 77
\BOOKMARK [3][-]{subsubsection.4.9.1}{\376\377\000S\000t\000a\000t\000i\000c\000\040\000R\000e\000a\000s\000o\000n\000i\000n\000g}{subsection.4.9}% 78
\BOOKMARK [3][-]{subsubsection.4.9.2}{\376\377\000D\000y\000n\000a\000m\000i\000c\000\040\000R\000e\000a\000s\000o\000n\000i\000n\000g}{subsection.4.9}% 79
\BOOKMARK [3][-]{subsubsection.4.9.3}{\376\377\000A\000d\000a\000p\000t\000i\000v\000e\000\040\000R\000e\000a\000s\000o\000n\000i\000n\000g}{subsection.4.9}% 80
\BOOKMARK [3][-]{subsubsection.4.9.4}{\376\377\000E\000m\000e\000r\000g\000e\000n\000t\000\040\000R\000e\000a\000s\000o\000n\000i\000n\000g}{subsection.4.9}% 81
\BOOKMARK [3][-]{subsubsection.4.9.5}{\376\377\000T\000r\000a\000d\000e\000-\000o\000f\000f\000:\000\040\000A\000d\000a\000p\000t\000a\000b\000i\000l\000i\000t\000y\000\040\000v\000s\000.\000\040\000V\000e\000r\000i\000f\000i\000a\000b\000i\000l\000i\000t\000y}{subsection.4.9}% 82
\BOOKMARK [2][-]{subsection.4.10}{\376\377\000C\000a\000u\000s\000a\000l\000\040\000S\000t\000a\000t\000e\000\040\000M\000a\000c\000h\000i\000n\000e}{section.4}% 83
\BOOKMARK [2][-]{subsection.4.11}{\376\377\000T\000e\000l\000o\000i\000d\000\040\000a\000n\000d\000\040\000E\000f\000f\000e\000c\000t\000\040\000E\000t\000h\000o\000s}{section.4}% 84
\BOOKMARK [2][-]{subsection.4.12}{\376\377\000M\000a\000p\000p\000i\000n\000g\000\040\000o\000f\000\040\000C\000l\000a\000s\000s\000i\000c\000a\000l\000\040\000C\000a\000u\000s\000a\000l\000\040\000M\000o\000d\000e\000l\000s\000\040\000t\000o\000\040\000t\000h\000e\000\040\000E\000P\000P}{section.4}% 85
\BOOKMARK [3][-]{subsubsection.4.12.1}{\376\377\000M\000a\000p\000p\000i\000n\000g\000\040\000P\000e\000a\000r\000l\000'\000s\000\040\000L\000a\000d\000d\000e\000r\000\040\000o\000f\000\040\000C\000a\000u\000s\000a\000t\000i\000o\000n\000\040\000t\000o\000\040\000t\000h\000e\000\040\000E\000P\000P}{subsection.4.12}% 86
\BOOKMARK [3][-]{subsubsection.4.12.2}{\376\377\000M\000a\000p\000p\000i\000n\000g\000\040\000D\000y\000n\000a\000m\000i\000c\000\040\000B\000a\000y\000e\000s\000i\000a\000n\000\040\000N\000e\000t\000w\000o\000r\000k\000s\000\040\000t\000o\000\040\000t\000h\000e\000\040\000E\000P\000P}{subsection.4.12}% 87
\BOOKMARK [3][-]{subsubsection.4.12.3}{\376\377\000M\000a\000p\000p\000i\000n\000g\000\040\000G\000r\000a\000n\000g\000e\000r\000\040\000C\000a\000u\000s\000a\000l\000i\000t\000y\000\040\000t\000o\000\040\000t\000h\000e\000\040\000E\000P\000P}{subsection.4.12}% 88
\BOOKMARK [3][-]{subsubsection.4.12.4}{\376\377\000M\000a\000p\000p\000i\000n\000g\000\040\000R\000u\000b\000i\000n\000\040\000C\000a\000u\000s\000a\000l\000\040\000M\000o\000d\000e\000l\000\040\000\050\000R\000C\000M\000\051\000\040\000t\000o\000\040\000t\000h\000e\000\040\000E\000P\000P}{subsection.4.12}% 89
\BOOKMARK [3][-]{subsubsection.4.12.5}{\376\377\000M\000a\000p\000p\000i\000n\000g\000\040\000C\000o\000n\000d\000i\000t\000i\000o\000n\000a\000l\000\040\000A\000v\000e\000r\000a\000g\000e\000\040\000T\000r\000e\000a\000t\000m\000e\000n\000t\000\040\000E\000f\000f\000e\000c\000t\000s\000\040\000\050\000C\000A\000T\000E\000\051\000\040\000I\000n\000f\000e\000r\000e\000n\000c\000e\000\040\000t\000o\000\040\000t\000h\000e\000\040\000E\000P\000P}{subsection.4.12}% 90
\BOOKMARK [2][-]{subsection.4.13}{\376\377\000C\000o\000m\000p\000a\000r\000i\000s\000o\000n}{section.4}% 91
\BOOKMARK [2][-]{subsection.4.14}{\376\377\000S\000e\000l\000e\000c\000t\000i\000o\000n\000\040\000C\000r\000i\000t\000e\000r\000i\000a}{section.4}% 92
\BOOKMARK [2][-]{subsection.4.15}{\376\377\000D\000i\000s\000c\000u\000s\000s\000i\000o\000n}{section.4}% 93
\BOOKMARK [1][-]{section.5}{\376\377\000T\000h\000e\000\040\000M\000e\000t\000a\000p\000h\000y\000s\000i\000c\000s\000\040\000o\000f\000\040\000t\000h\000e\000\040\000E\000f\000f\000e\000c\000t\000\040\000P\000r\000o\000p\000a\000g\000a\000t\000i\000o\000n\000\040\000P\000r\000o\000c\000e\000s\000s}{}% 94
\BOOKMARK [2][-]{subsection.5.1}{\376\377\000M\000o\000n\000o\000i\000d\000i\000c\000\040\000P\000r\000i\000m\000i\000t\000i\000v\000e\000s}{section.5}% 95
\BOOKMARK [2][-]{subsection.5.2}{\376\377\000I\000s\000o\000m\000o\000r\000p\000h\000i\000c\000\040\000R\000e\000c\000u\000r\000s\000i\000v\000e\000\040\000C\000o\000m\000p\000o\000s\000i\000t\000i\000o\000n}{section.5}% 96
\BOOKMARK [2][-]{subsection.5.3}{\376\377\000T\000h\000e\000\040\000M\000e\000t\000a\000p\000h\000y\000s\000i\000c\000s\000\040\000o\000f\000\040\000C\000o\000n\000t\000e\000x\000t}{section.5}% 97
\BOOKMARK [2][-]{subsection.5.4}{\376\377\000T\000h\000e\000\040\000M\000e\000t\000a\000p\000h\000y\000s\000i\000c\000s\000\040\000o\000f\000\040\000B\000e\000i\000n\000g}{section.5}% 98
\BOOKMARK [2][-]{subsection.5.5}{\376\377\000T\000h\000e\000\040\000M\000e\000t\000a\000p\000h\000y\000s\000i\000c\000s\000\040\000o\000f\000\040\000D\000y\000n\000a\000m\000i\000c\000s}{section.5}% 99
\BOOKMARK [2][-]{subsection.5.6}{\376\377\000T\000h\000e\000\040\000M\000e\000t\000a\000p\000h\000y\000s\000i\000c\000s\000\040\000o\000f\000\040\000A\000d\000a\000p\000t\000a\000t\000i\000o\000n}{section.5}% 100
\BOOKMARK [2][-]{subsection.5.7}{\376\377\000T\000h\000e\000\040\000M\000e\000t\000a\000p\000h\000y\000s\000i\000c\000s\000\040\000o\000f\000\040\000S\000t\000r\000u\000c\000t\000u\000r\000a\000l\000\040\000C\000h\000a\000n\000g\000e}{section.5}% 101
\BOOKMARK [2][-]{subsection.5.8}{\376\377\000T\000h\000e\000\040\000M\000e\000t\000a\000p\000h\000y\000s\000i\000c\000s\000\040\000o\000f\000\040\000B\000e\000c\000o\000m\000i\000n\000g}{section.5}% 102
\BOOKMARK [2][-]{subsection.5.9}{\376\377\000T\000h\000e\000\040\000M\000e\000t\000a\000p\000h\000y\000s\000i\000c\000s\000\040\000o\000f\000\040\000A\000x\000i\000o\000l\000o\000g\000y}{section.5}% 103
\BOOKMARK [2][-]{subsection.5.10}{\376\377\000T\000h\000e\000\040\000M\000e\000t\000a\000p\000h\000y\000s\000i\000c\000s\000\040\000o\000f\000\040\000D\000o\000i\000n\000g}{section.5}% 104
\BOOKMARK [2][-]{subsection.5.11}{\376\377\000D\000i\000s\000c\000u\000s\000s\000i\000o\000n}{section.5}% 105
\BOOKMARK [1][-]{section.6}{\376\377\000T\000h\000e\000\040\000E\000p\000i\000s\000t\000e\000m\000o\000l\000o\000g\000y\000\040\000o\000f\000\040\000t\000h\000e\000\040\000E\000f\000f\000e\000c\000t\000\040\000P\000r\000o\000p\000a\000g\000a\000t\000i\000o\000n\000\040\000P\000r\000o\000c\000e\000s\000s}{}% 106
\BOOKMARK [2][-]{subsection.6.1}{\376\377\000O\000v\000e\000r\000v\000i\000e\000w}{section.6}% 107
\BOOKMARK [3][-]{subsubsection.6.1.1}{\376\377\000O\000n\000t\000o\000l\000o\000g\000y\000\040\000o\000f\000\040\000K\000n\000o\000w\000l\000e\000d\000g\000e\000\040\000S\000o\000u\000r\000c\000e\000s}{subsection.6.1}% 108
\BOOKMARK [3][-]{subsubsection.6.1.2}{\376\377\000K\000n\000o\000w\000l\000e\000d\000g\000e\000\040\000D\000e\000r\000i\000v\000a\000t\000i\000o\000n}{subsection.6.1}% 109
\BOOKMARK [3][-]{subsubsection.6.1.3}{\376\377\000J\000u\000s\000t\000i\000f\000i\000c\000a\000t\000i\000o\000n\000\040\000o\000f\000\040\000D\000e\000r\000i\000v\000e\000d\000\040\000K\000n\000o\000w\000l\000e\000d\000g\000e}{subsection.6.1}% 110
\BOOKMARK [2][-]{subsection.6.2}{\376\377\000S\000t\000a\000t\000i\000c\000\040\000E\000P\000P\000\040\000E\000p\000i\000s\000t\000e\000m\000o\000l\000o\000g\000y}{section.6}% 111
\BOOKMARK [2][-]{subsection.6.3}{\376\377\000D\000y\000n\000a\000m\000i\000c\000\040\000E\000P\000P\000\040\000E\000p\000i\000s\000t\000e\000m\000o\000l\000o\000g\000y}{section.6}% 112
\BOOKMARK [2][-]{subsection.6.4}{\376\377\000E\000m\000e\000r\000g\000e\000n\000t\000\040\000E\000P\000P\000\040\000E\000p\000i\000s\000t\000e\000m\000o\000l\000o\000g\000y}{section.6}% 113
\BOOKMARK [2][-]{subsection.6.5}{\376\377\000O\000p\000e\000r\000a\000t\000i\000o\000n\000a\000l\000i\000z\000e\000d\000\040\000M\000e\000a\000n\000i\000n\000g\000\040\000o\000f\000\040\000T\000r\000u\000t\000h}{section.6}% 114
\BOOKMARK [2][-]{subsection.6.6}{\376\377\000C\000a\000u\000s\000a\000l\000\040\000E\000m\000e\000r\000g\000e\000n\000c\000e}{section.6}% 115
\BOOKMARK [2][-]{subsection.6.7}{\376\377\000D\000i\000s\000c\000u\000s\000s\000i\000o\000n}{section.6}% 116
\BOOKMARK [1][-]{section.7}{\376\377\000T\000h\000e\000\040\000T\000e\000l\000e\000o\000l\000o\000g\000y\000\040\000o\000f\000\040\000t\000h\000e\000\040\000E\000f\000f\000e\000c\000t\000\040\000P\000r\000o\000p\000a\000g\000a\000t\000i\000o\000n\000\040\000P\000r\000o\000c\000e\000s\000s}{}% 117
\BOOKMARK [2][-]{subsection.7.1}{\376\377\000O\000v\000e\000r\000v\000i\000e\000w}{section.7}% 118
\BOOKMARK [2][-]{subsection.7.2}{\376\377\000D\000e\000f\000e\000a\000s\000i\000b\000l\000e\000\040\000D\000e\000o\000n\000t\000i\000c\000\040\000F\000o\000u\000n\000d\000a\000t\000i\000o\000n}{section.7}% 119
\BOOKMARK [2][-]{subsection.7.3}{\376\377\000E\000n\000c\000o\000d\000i\000n\000g\000\040\000E\000t\000h\000i\000c\000s\000\040\000i\000n\000\040\000a\000\040\000T\000e\000l\000o\000i\000d}{section.7}% 120
\BOOKMARK [2][-]{subsection.7.4}{\376\377\000D\000e\000o\000n\000t\000i\000c\000\040\000I\000n\000f\000e\000r\000e\000n\000c\000e}{section.7}% 121
\BOOKMARK [2][-]{subsection.7.5}{\376\377\000D\000i\000s\000c\000u\000s\000s\000i\000o\000n}{section.7}% 122
\BOOKMARK [1][-]{section.8}{\376\377\000T\000h\000e\000\040\000O\000n\000t\000o\000l\000o\000g\000y\000\040\000o\000f\000\040\000t\000h\000e\000\040\000E\000f\000f\000e\000c\000t\000\040\000P\000r\000o\000p\000a\000g\000a\000t\000i\000o\000n\000\040\000P\000r\000o\000c\000e\000s\000s}{}% 123
\BOOKMARK [2][-]{subsection.8.1}{\376\377\000T\000h\000e\000\040\000O\000n\000t\000o\000l\000o\000g\000y\000\040\000o\000f\000\040\000B\000e\000i\000n\000g}{section.8}% 124
\BOOKMARK [3][-]{subsubsection.8.1.1}{\376\377\000T\000h\000e\000\040\000C\000a\000u\000s\000a\000l\000o\000i\000d\000:\000\040\000A\000\040\000U\000n\000i\000t\000\040\000o\000f\000\040\000C\000a\000u\000s\000a\000l\000i\000t\000y}{subsection.8.1}% 125
\BOOKMARK [3][-]{subsubsection.8.1.2}{\376\377\000T\000h\000e\000\040\000C\000o\000n\000t\000e\000x\000t\000o\000i\000d\000:\000\040\000A\000\040\000U\000n\000i\000t\000\040\000o\000f\000\040\000C\000o\000n\000t\000e\000x\000t}{subsection.8.1}% 126
\BOOKMARK [3][-]{subsubsection.8.1.3}{\376\377\000T\000h\000e\000\040\000C\000o\000n\000t\000e\000x\000t\000:\000\040\000A\000\040\000s\000t\000r\000u\000c\000t\000u\000r\000e\000\040\000f\000o\000r\000\040\000C\000o\000n\000t\000e\000x\000t\000o\000i\000d\000s}{subsection.8.1}% 127
\BOOKMARK [3][-]{subsubsection.8.1.4}{\376\377\000T\000h\000e\000\040\000E\000v\000i\000d\000e\000n\000c\000e\000:\000\040\000A\000\040\000U\000n\000i\000t\000\040\000o\000f\000\040\000F\000a\000c\000t\000s}{subsection.8.1}% 128
\BOOKMARK [3][-]{subsubsection.8.1.5}{\376\377\000T\000h\000e\000\040\000P\000r\000o\000p\000a\000g\000a\000t\000i\000n\000g\000\040\000E\000f\000f\000e\000c\000t\000:\000\040\000A\000\040\000U\000n\000i\000t\000\040\000o\000f\000\040\000I\000n\000f\000l\000u\000e\000n\000c\000e}{subsection.8.1}% 129
\BOOKMARK [2][-]{subsection.8.2}{\376\377\000T\000h\000e\000\040\000O\000n\000t\000o\000l\000o\000g\000y\000\040\000o\000f\000\040\000B\000e\000c\000o\000m\000i\000n\000g\000:\000\040\000D\000y\000n\000a\000m\000i\000c\000s}{section.8}% 130
\BOOKMARK [2][-]{subsection.8.3}{\376\377\000T\000h\000e\000\040\000O\000n\000t\000o\000l\000o\000g\000y\000\040\000o\000f\000\040\000E\000m\000e\000r\000g\000e\000n\000c\000e}{section.8}% 131
\BOOKMARK [3][-]{subsubsection.8.3.1}{\376\377\000T\000h\000e\000\040\000G\000e\000n\000e\000r\000a\000t\000i\000v\000e\000\040\000T\000r\000i\000g\000g\000e\000r}{subsection.8.3}% 132
\BOOKMARK [3][-]{subsubsection.8.3.2}{\376\377\000T\000h\000e\000\040\000G\000e\000n\000e\000r\000a\000t\000i\000v\000e\000\040\000C\000o\000m\000m\000a\000n\000d}{subsection.8.3}% 133
\BOOKMARK [3][-]{subsubsection.8.3.3}{\376\377\000T\000h\000e\000\040\000G\000e\000n\000e\000r\000a\000t\000i\000v\000e\000\040\000P\000r\000o\000c\000e\000s\000s}{subsection.8.3}% 134
\BOOKMARK [3][-]{subsubsection.8.3.4}{\376\377\000T\000h\000e\000\040\000G\000e\000n\000e\000r\000a\000t\000i\000v\000e\000\040\000O\000u\000t\000c\000o\000m\000e}{subsection.8.3}% 135
\BOOKMARK [2][-]{subsection.8.4}{\376\377\000T\000h\000e\000\040\000O\000n\000t\000o\000l\000o\000g\000y\000\040\000o\000f\000\040\000A\000c\000t\000i\000o\000n}{section.8}% 136
\BOOKMARK [2][-]{subsection.8.5}{\376\377\000D\000i\000s\000c\000u\000s\000s\000i\000o\000n}{section.8}% 137
\BOOKMARK [1][-]{section.9}{\376\377\000T\000h\000e\000\040\000F\000o\000r\000m\000a\000l\000i\000z\000a\000t\000i\000o\000n\000\040\000o\000f\000\040\000t\000h\000e\000\040\000E\000f\000f\000e\000c\000t\000\040\000P\000r\000o\000p\000a\000g\000a\000t\000i\000o\000n\000\040\000P\000r\000o\000c\000e\000s\000s}{}% 138
\BOOKMARK [2][-]{subsection.9.1}{\376\377\000O\000v\000e\000r\000v\000i\000e\000w}{section.9}% 139
\BOOKMARK [2][-]{subsection.9.2}{\376\377\000A\000x\000i\000o\000m\000s}{section.9}% 140
\BOOKMARK [2][-]{subsection.9.3}{\376\377\000F\000o\000r\000m\000a\000l\000\040\000D\000e\000r\000i\000v\000a\000t\000i\000o\000n\000\040\000o\000f\000\040\000t\000h\000e\000\040\000E\000P\000P\000\040\000P\000r\000i\000m\000i\000t\000i\000v\000e\000s}{section.9}% 141
\BOOKMARK [2][-]{subsection.9.4}{\376\377\000T\000h\000e\000\040\000P\000r\000o\000p\000a\000g\000a\000t\000i\000n\000g\000E\000f\000f\000e\000c\000t\000\040\000P\000r\000i\000m\000i\000t\000i\000v\000e\000\040\000\050\000E\000\051}{section.9}% 142
\BOOKMARK [2][-]{subsection.9.5}{\376\377\000C\000o\000n\000t\000e\000x\000t\000u\000a\000l\000\040\000F\000a\000b\000r\000i\000c\000\040\000\050\000C\000\051}{section.9}% 143
\BOOKMARK [3][-]{subsubsection.9.5.1}{\376\377\000T\000h\000e\000\040\000C\000o\000n\000t\000e\000x\000t\000o\000i\000d\000\040\000\050\000v\000\051}{subsection.9.5}% 144
\BOOKMARK [3][-]{subsubsection.9.5.2}{\376\377\000T\000h\000e\000\040\000C\000o\000n\000t\000e\000x\000t\000\040\000H\000y\000p\000e\000r\000g\000r\000a\000p\000h\000\040\000\050\000C\000\051}{subsection.9.5}% 145
\BOOKMARK [3][-]{subsubsection.9.5.3}{\376\377\000C\000o\000n\000t\000e\000x\000t\000\040\000A\000c\000c\000e\000s\000s\000o\000r\000\040\000\050\000C\000o\000n\000t\000e\000x\000t\000A\000c\000c\000e\000s\000s\000o\000r\000\040\000C\000\137\000r\000e\000f\000s\000\051}{subsection.9.5}% 146
\BOOKMARK [2][-]{subsection.9.6}{\376\377\000C\000a\000u\000s\000a\000l\000\040\000U\000n\000i\000t\000s\000\040\000a\000n\000d\000\040\000S\000t\000r\000u\000c\000t\000u\000r\000e\000s\000\040\000\050\000G\000\051}{section.9}% 147
\BOOKMARK [3][-]{subsubsection.9.6.1}{\376\377\000T\000h\000e\000\040\000C\000a\000u\000s\000a\000l\000o\000i\000d\000\040\000P\000r\000i\000m\000i\000t\000i\000v\000e\000\040\000\050\000c\000h\000i\000\051}{subsection.9.6}% 148
\BOOKMARK [3][-]{subsubsection.9.6.2}{\376\377\000T\000h\000e\000\040\000C\000a\000u\000s\000a\000l\000o\000i\000d\000\040\000C\000o\000l\000l\000e\000c\000t\000i\000o\000n\000\040\000\050\000X\000c\000o\000l\000l\000\051}{subsection.9.6}% 149
\BOOKMARK [3][-]{subsubsection.9.6.3}{\376\377\000T\000h\000e\000\040\000C\000a\000u\000s\000a\000l\000o\000i\000d\000G\000r\000a\000p\000h\000\040\000\050\000G\000\051}{subsection.9.6}% 150
\BOOKMARK [2][-]{subsection.9.7}{\376\377\000E\000f\000f\000e\000c\000t\000\040\000P\000r\000o\000p\000a\000g\000a\000t\000i\000o\000n\000,\000\040\000D\000y\000n\000a\000m\000i\000c\000s\000,\000\040\000a\000n\000d\000\040\000E\000m\000e\000r\000g\000e\000n\000c\000e}{section.9}% 151
\BOOKMARK [3][-]{subsubsection.9.7.1}{\376\377\000T\000h\000e\000\040\000G\000e\000n\000e\000r\000a\000t\000i\000v\000e\000\040\000F\000u\000n\000c\000t\000i\000o\000n\000\040\000\050\000P\000h\000i\000\137\000g\000e\000n\000\051}{subsection.9.7}% 152
\BOOKMARK [3][-]{subsubsection.9.7.2}{\376\377\000C\000o\000r\000e\000\040\000E\000P\000P\000\040\000P\000r\000i\000n\000c\000i\000p\000l\000e\000s}{subsection.9.7}% 153
\BOOKMARK [2][-]{subsection.9.8}{\376\377\000T\000h\000e\000\040\000M\000o\000d\000e\000l\000\040\000a\000n\000d\000\040\000V\000e\000r\000i\000f\000i\000c\000a\000t\000i\000o\000n\000\040\000L\000a\000y\000e\000r}{section.9}% 154
\BOOKMARK [3][-]{subsubsection.9.8.1}{\376\377\000O\000b\000s\000e\000r\000v\000a\000t\000i\000o\000n\000,\000\040\000A\000s\000s\000u\000m\000p\000t\000i\000o\000n\000,\000\040\000a\000n\000d\000\040\000I\000n\000f\000e\000r\000e\000n\000c\000e}{subsection.9.8}% 155
\BOOKMARK [3][-]{subsubsection.9.8.2}{\376\377\000M\000o\000d\000e\000l\000\040\000\050\000M\000\051}{subsection.9.8}% 156
\BOOKMARK [2][-]{subsection.9.9}{\376\377\000T\000h\000e\000\040\000C\000a\000u\000s\000a\000l\000\040\000S\000t\000a\000t\000e\000\040\000M\000a\000c\000h\000i\000n\000e\000\040\000\050\000C\000S\000M\000\051\000\040}{section.9}% 157
\BOOKMARK [3][-]{subsubsection.9.9.1}{\376\377\000C\000S\000M\000\040\000O\000p\000e\000r\000a\000t\000i\000o\000n\000:\000\040\000S\000t\000a\000t\000e\000\040\000E\000v\000a\000l\000u\000a\000t\000i\000o\000n\000\040\000a\000n\000d\000\040\000A\000c\000t\000i\000o\000n\000\040\000T\000r\000i\000g\000g\000e\000r\000i\000n\000g}{subsection.9.9}% 158
\BOOKMARK [3][-]{subsubsection.9.9.2}{\376\377\000C\000S\000M\000\040\000D\000y\000n\000a\000m\000i\000c\000s\000:\000\040\000M\000a\000n\000a\000g\000i\000n\000g\000\040\000S\000t\000a\000t\000e\000-\000A\000c\000t\000i\000o\000n\000\040\000P\000a\000i\000r\000s}{subsection.9.9}% 159
\BOOKMARK [2][-]{subsection.9.10}{\376\377\000T\000h\000e\000\040\000T\000e\000l\000o\000i\000d\000\040\000a\000n\000d\000\040\000E\000f\000f\000e\000c\000t\000\040\000E\000t\000h\000o\000s}{section.9}% 160
\BOOKMARK [3][-]{subsubsection.9.10.1}{\376\377\000T\000h\000e\000\040\000T\000e\000l\000o\000i\000d\000\040\000\050\000t\000a\000u\000\051}{subsection.9.10}% 161
\BOOKMARK [3][-]{subsubsection.9.10.2}{\376\377\000P\000r\000o\000p\000o\000s\000e\000d\000\040\000A\000c\000t\000i\000o\000n\000\040\000a\000n\000d\000\040\000V\000e\000r\000d\000i\000c\000t}{subsection.9.10}% 162
\BOOKMARK [3][-]{subsubsection.9.10.3}{\376\377\000T\000h\000e\000\040\000E\000f\000f\000e\000c\000t\000\040\000E\000t\000h\000o\000s\000\040\000S\000t\000r\000u\000c\000t\000u\000r\000e}{subsection.9.10}% 163
\BOOKMARK [3][-]{subsubsection.9.10.4}{\376\377\000T\000h\000e\000\040\000D\000e\000o\000n\000t\000i\000c\000\040\000I\000n\000f\000e\000r\000e\000n\000c\000e\000\040\000P\000r\000o\000c\000e\000s\000s}{subsection.9.10}% 164
\BOOKMARK [2][-]{subsection.9.11}{\376\377\000S\000u\000b\000s\000u\000m\000p\000t\000i\000o\000n\000\040\000o\000f\000\040\000C\000l\000a\000s\000s\000i\000c\000a\000l\000\040\000C\000a\000u\000s\000a\000l\000\040\000M\000o\000d\000e\000l\000s}{section.9}% 165
\BOOKMARK [3][-]{subsubsection.9.11.1}{\376\377\000M\000a\000p\000p\000i\000n\000g\000\040\000P\000e\000a\000r\000l\000'\000s\000\040\000L\000a\000d\000d\000e\000r\000\040\000o\000f\000\040\000C\000a\000u\000s\000a\000t\000i\000o\000n}{subsection.9.11}% 166
\BOOKMARK [3][-]{subsubsection.9.11.2}{\376\377\000M\000a\000p\000p\000i\000n\000g\000\040\000D\000y\000n\000a\000m\000i\000c\000\040\000B\000a\000y\000e\000s\000i\000a\000n\000\040\000N\000e\000t\000w\000o\000r\000k\000s\000\040\000\050\000D\000B\000N\000\051}{subsection.9.11}% 167
\BOOKMARK [3][-]{subsubsection.9.11.3}{\376\377\000M\000a\000p\000p\000i\000n\000g\000\040\000G\000r\000a\000n\000g\000e\000r\000\040\000C\000a\000u\000s\000a\000l\000i\000t\000y}{subsection.9.11}% 168
\BOOKMARK [3][-]{subsubsection.9.11.4}{\376\377\000M\000a\000p\000p\000i\000n\000g\000\040\000R\000u\000b\000i\000n\000\040\000C\000a\000u\000s\000a\000l\000\040\000M\000o\000d\000e\000l\000\040\000\050\000R\000C\000M\000\051}{subsection.9.11}% 169
\BOOKMARK [3][-]{subsubsection.9.11.5}{\376\377\000M\000a\000p\000p\000i\000n\000g\000\040\000C\000o\000n\000d\000i\000t\000i\000o\000n\000a\000l\000\040\000A\000v\000e\000r\000a\000g\000e\000\040\000T\000r\000e\000a\000t\000m\000e\000n\000t\000\040\000E\000f\000f\000e\000c\000t\000s\000\040\000\050\000C\000A\000T\000E\000\051}{subsection.9.11}% 170
\BOOKMARK [2][-]{subsection.9.12}{\376\377\000E\000P\000P\000\040\000E\000x\000a\000m\000p\000l\000e\000:\000\040\000S\000m\000o\000k\000i\000n\000g\000,\000\040\000T\000a\000r\000,\000\040\000a\000n\000d\000\040\000C\000a\000n\000c\000e\000r}{section.9}% 171
\BOOKMARK [3][-]{subsubsection.9.12.1}{\376\377\000D\000e\000f\000i\000n\000i\000n\000g\000\040\000t\000h\000e\000\040\000C\000a\000u\000s\000a\000l\000\040\000P\000r\000o\000b\000l\000e\000m}{subsection.9.12}% 172
\BOOKMARK [3][-]{subsubsection.9.12.2}{\376\377\000F\000o\000r\000m\000a\000l\000i\000z\000i\000n\000g\000\040\000t\000h\000e\000\040\000C\000o\000m\000p\000o\000n\000e\000n\000t\000s}{subsection.9.12}% 173
\BOOKMARK [3][-]{subsubsection.9.12.3}{\376\377\000F\000o\000r\000m\000a\000l\000i\000z\000i\000n\000g\000\040\000E\000f\000f\000e\000c\000t\000\040\000P\000r\000o\000p\000a\000g\000a\000t\000i\000o\000n\000\040\000\050\000E\000P\000P\000\051}{subsection.9.12}% 174
\BOOKMARK [3][-]{subsubsection.9.12.4}{\376\377\000O\000b\000s\000e\000r\000v\000a\000t\000i\000o\000n\000s}{subsection.9.12}% 175
\BOOKMARK [2][-]{subsection.9.13}{\376\377\000D\000i\000s\000c\000u\000s\000s\000i\000o\000n}{section.9}% 176
\BOOKMARK [1][-]{section.10}{\376\377\000T\000h\000e\000\040\000R\000e\000f\000e\000r\000e\000n\000c\000e\000\040\000I\000m\000p\000l\000e\000m\000e\000n\000t\000a\000t\000i\000o\000n\000:\000\040\000D\000e\000e\000p\000C\000a\000u\000s\000a\000l\000i\000t\000y}{}% 177
\BOOKMARK [2][-]{subsection.10.1}{\376\377\000C\000h\000a\000p\000t\000e\000r\000\040\000O\000r\000i\000e\000n\000t\000a\000t\000i\000o\000n}{section.10}% 178
\BOOKMARK [2][-]{subsection.10.2}{\376\377\000N\000u\000m\000e\000r\000i\000c\000a\000l\000\040\000F\000o\000u\000n\000d\000a\000t\000i\000o\000n}{section.10}% 179
\BOOKMARK [3][-]{subsubsection.10.2.1}{\376\377\000A\000l\000g\000e\000b\000r\000a\000\040\000T\000r\000a\000i\000t\000\040\000H\000i\000e\000r\000a\000r\000c\000h\000y}{subsection.10.2}% 180
\BOOKMARK [3][-]{subsubsection.10.2.2}{\376\377\000F\000l\000o\000a\000t\0001\0000\0006\000\040\000D\000o\000u\000b\000l\000e\000-\000D\000o\000u\000b\000l\000e\000\040\000P\000r\000e\000c\000i\000s\000i\000o\000n}{subsection.10.2}% 181
\BOOKMARK [3][-]{subsubsection.10.2.3}{\376\377\000C\000o\000m\000p\000l\000e\000x\000,\000\040\000Q\000u\000a\000t\000e\000r\000n\000i\000o\000n\000,\000\040\000a\000n\000d\000\040\000O\000c\000t\000o\000n\000i\000o\000n}{subsection.10.2}% 182
\BOOKMARK [3][-]{subsubsection.10.2.4}{\376\377\000N\000o\000-\000S\000t\000d\000\040\000S\000u\000p\000p\000o\000r\000t\000\040\000a\000n\000d\000\040\000D\000e\000s\000i\000g\000n\000\040\000C\000o\000n\000s\000t\000r\000a\000i\000n\000t\000s}{subsection.10.2}% 183
\BOOKMARK [2][-]{subsection.10.3}{\376\377\000H\000i\000g\000h\000e\000r\000-\000K\000i\000n\000d\000e\000d\000\040\000T\000y\000p\000e\000s}{section.10}% 184
\BOOKMARK [3][-]{subsubsection.10.3.1}{\376\377\000T\000h\000e\000\040\000W\000i\000t\000n\000e\000s\000s\000\040\000P\000a\000t\000t\000e\000r\000n}{subsection.10.3}% 185
\BOOKMARK [3][-]{subsubsection.10.3.2}{\376\377\000A\000l\000g\000e\000b\000r\000a\000i\000c\000\040\000T\000r\000a\000i\000t\000s}{subsection.10.3}% 186
\BOOKMARK [3][-]{subsubsection.10.3.3}{\376\377\000A\000r\000i\000t\000y\000-\000F\000i\000v\000e\000\040\000E\000f\000f\000e\000c\000t\000\040\000T\000y\000p\000e\000s}{subsection.10.3}% 187
\BOOKMARK [2][-]{subsection.10.4}{\376\377\000M\000e\000t\000r\000i\000c\000\040\000S\000p\000e\000c\000i\000f\000i\000c\000a\000t\000i\000o\000n}{section.10}% 188
\BOOKMARK [3][-]{subsubsection.10.4.1}{\376\377\000S\000i\000g\000n\000\040\000C\000o\000n\000v\000e\000n\000t\000i\000o\000n\000\040\000T\000y\000p\000e\000s}{subsection.10.4}% 189
\BOOKMARK [3][-]{subsubsection.10.4.2}{\376\377\000C\000l\000i\000f\000f\000o\000r\000d\000\040\000S\000i\000g\000n\000a\000t\000u\000r\000e\000\040\000S\000p\000a\000c\000e}{subsection.10.4}% 190
\BOOKMARK [3][-]{subsubsection.10.4.3}{\376\377\000C\000r\000o\000s\000s\000-\000C\000r\000a\000t\000e\000\040\000C\000o\000n\000s\000u\000m\000p\000t\000i\000o\000n}{subsection.10.4}% 191
\BOOKMARK [2][-]{subsection.10.5}{\376\377\000T\000e\000n\000s\000o\000r\000\040\000L\000a\000y\000e\000r}{section.10}% 192
\BOOKMARK [3][-]{subsubsection.10.5.1}{\376\377\000S\000t\000r\000i\000d\000e\000-\000B\000a\000s\000e\000d\000\040\000M\000e\000m\000o\000r\000y\000\040\000L\000a\000y\000o\000u\000t}{subsection.10.5}% 193
\BOOKMARK [3][-]{subsubsection.10.5.2}{\376\377\000B\000r\000o\000a\000d\000c\000a\000s\000t\000i\000n\000g\000\040\000a\000n\000d\000\040\000E\000l\000e\000m\000e\000n\000t\000-\000W\000i\000s\000e\000\040\000O\000p\000e\000r\000a\000t\000i\000o\000n\000s}{subsection.10.5}% 194
\BOOKMARK [3][-]{subsubsection.10.5.3}{\376\377\000E\000i\000n\000s\000t\000e\000i\000n\000\040\000S\000u\000m\000m\000a\000t\000i\000o\000n}{subsection.10.5}% 195
\BOOKMARK [3][-]{subsubsection.10.5.4}{\376\377\000H\000i\000g\000h\000e\000r\000-\000K\000i\000n\000d\000e\000d\000\040\000T\000y\000p\000e\000\040\000I\000n\000s\000t\000a\000n\000c\000e\000s}{subsection.10.5}% 196
\BOOKMARK [2][-]{subsection.10.6}{\376\377\000M\000u\000l\000t\000i\000v\000e\000c\000t\000o\000r\000\040\000L\000a\000y\000e\000r}{section.10}% 197
\BOOKMARK [3][-]{subsubsection.10.6.1}{\376\377\000U\000n\000i\000v\000e\000r\000s\000a\000l\000\040\000M\000u\000l\000t\000i\000v\000e\000c\000t\000o\000r}{subsection.10.6}% 198
\BOOKMARK [3][-]{subsubsection.10.6.2}{\376\377\000P\000r\000e\000-\000C\000o\000n\000f\000i\000g\000u\000r\000e\000d\000\040\000A\000l\000g\000e\000b\000r\000a\000s}{subsection.10.6}% 199
\BOOKMARK [3][-]{subsubsection.10.6.3}{\376\377\000H\000i\000g\000h\000e\000r\000-\000K\000i\000n\000d\000e\000d\000\040\000T\000y\000p\000e\000\040\000I\000n\000s\000t\000a\000n\000c\000e\000s}{subsection.10.6}% 200
\BOOKMARK [3][-]{subsubsection.10.6.4}{\376\377\000Q\000u\000a\000n\000t\000u\000m\000\040\000S\000t\000a\000t\000e\000\040\000V\000e\000c\000t\000o\000r\000s}{subsection.10.6}% 201
\BOOKMARK [2][-]{subsection.10.7}{\376\377\000T\000o\000p\000o\000l\000o\000g\000y\000\040\000L\000a\000y\000e\000r}{section.10}% 202
\BOOKMARK [3][-]{subsubsection.10.7.1}{\376\377\000T\000o\000p\000o\000l\000o\000g\000i\000c\000a\000l\000\040\000T\000y\000p\000e\000s}{subsection.10.7}% 203
\BOOKMARK [3][-]{subsubsection.10.7.2}{\376\377\000T\000o\000p\000o\000l\000o\000g\000i\000c\000a\000l\000\040\000A\000l\000g\000o\000r\000i\000t\000h\000m\000s}{subsection.10.7}% 204
\BOOKMARK [3][-]{subsubsection.10.7.3}{\376\377\000D\000i\000f\000f\000e\000r\000e\000n\000t\000i\000a\000l\000\040\000G\000e\000o\000m\000e\000t\000r\000y}{subsection.10.7}% 205
\BOOKMARK [3][-]{subsubsection.10.7.4}{\376\377\000L\000a\000t\000t\000i\000c\000e\000\040\000G\000a\000u\000g\000e\000\040\000F\000i\000e\000l\000d\000\040\000T\000h\000e\000o\000r\000y}{subsection.10.7}% 206
\BOOKMARK [3][-]{subsubsection.10.7.5}{\376\377\000H\000i\000g\000h\000e\000r\000-\000K\000i\000n\000d\000e\000d\000\040\000T\000y\000p\000e\000\040\000I\000n\000s\000t\000a\000n\000c\000e\000s}{subsection.10.7}% 207
\BOOKMARK [2][-]{subsection.10.8}{\376\377\000P\000h\000y\000s\000i\000c\000s\000\040\000L\000a\000y\000e\000r}{section.10}% 208
\BOOKMARK [3][-]{subsubsection.10.8.1}{\376\377\000K\000e\000r\000n\000e\000l\000-\000V\000e\000r\000s\000u\000s\000-\000T\000h\000e\000o\000r\000y\000\040\000S\000e\000p\000a\000r\000a\000t\000i\000o\000n}{subsection.10.8}% 209
\BOOKMARK [3][-]{subsubsection.10.8.2}{\376\377\000P\000h\000y\000s\000i\000c\000s\000\040\000D\000o\000m\000a\000i\000n\000s}{subsection.10.8}% 210
\BOOKMARK [3][-]{subsubsection.10.8.3}{\376\377\000P\000r\000o\000p\000a\000g\000a\000t\000i\000n\000g\000-\000E\000f\000f\000e\000c\000t\000\040\000W\000r\000a\000p\000p\000e\000r\000s}{subsection.10.8}% 211
\BOOKMARK [3][-]{subsubsection.10.8.4}{\376\377\000G\000a\000u\000g\000e\000\040\000T\000h\000e\000o\000r\000i\000e\000s}{subsection.10.8}% 212
\BOOKMARK [3][-]{subsubsection.10.8.5}{\376\377\000T\000y\000p\000e\000-\000S\000a\000f\000e\000\040\000U\000n\000i\000t\000s\000\040\000a\000n\000d\000\040\000G\000e\000n\000e\000r\000i\000c\000\040\000P\000r\000e\000c\000i\000s\000i\000o\000n}{subsection.10.8}% 213
\BOOKMARK [2][-]{subsection.10.9}{\376\377\000C\000a\000u\000s\000a\000l\000\040\000L\000a\000y\000e\000r}{section.10}% 214
\BOOKMARK [3][-]{subsubsection.10.9.1}{\376\377\000C\000o\000r\000e\000\040\000T\000y\000p\000e\000s\000\040\000a\000n\000d\000\040\000E\000f\000f\000e\000c\000t\000\040\000S\000y\000s\000t\000e\000m}{subsection.10.9}% 215
\BOOKMARK [3][-]{subsubsection.10.9.2}{\376\377\000T\000h\000e\000\040\000C\000o\000n\000t\000r\000o\000l\000F\000l\000o\000w\000B\000u\000i\000l\000d\000e\000r}{subsection.10.9}% 216
\BOOKMARK [3][-]{subsubsection.10.9.3}{\376\377\000T\000h\000e\000\040\000C\000a\000u\000s\000a\000l\000o\000i\000d}{subsection.10.9}% 217
\BOOKMARK [3][-]{subsubsection.10.9.4}{\376\377\000C\000o\000n\000t\000e\000x\000t}{subsection.10.9}% 218
\BOOKMARK [3][-]{subsubsection.10.9.5}{\376\377\000C\000a\000u\000s\000a\000l\000\040\000S\000t\000a\000t\000e\000\040\000M\000a\000c\000h\000i\000n\000e}{subsection.10.9}% 219
\BOOKMARK [3][-]{subsubsection.10.9.6}{\376\377\000T\000e\000l\000o\000i\000d\000\040\000a\000n\000d\000\040\000E\000f\000f\000e\000c\000t\000\040\000E\000t\000h\000o\000s}{subsection.10.9}% 220
\BOOKMARK [3][-]{subsubsection.10.9.7}{\376\377\000U\000l\000t\000r\000a\000G\000r\000a\000p\000h}{subsection.10.9}% 221
\BOOKMARK [3][-]{subsubsection.10.9.8}{\376\377\000U\000n\000c\000e\000r\000t\000a\000i\000n\000\040\000T\000y\000p\000e}{subsection.10.9}% 222
\BOOKMARK [2][-]{subsection.10.10}{\376\377\000C\000a\000u\000s\000a\000l\000\040\000D\000i\000s\000c\000o\000v\000e\000r\000y\000\040\000L\000a\000y\000e\000r}{section.10}% 223
\BOOKMARK [3][-]{subsubsection.10.10.1}{\376\377\000T\000y\000p\000e\000s\000t\000a\000t\000e\000\040\000P\000i\000p\000e\000l\000i\000n\000e}{subsection.10.10}% 224
\BOOKMARK [3][-]{subsubsection.10.10.2}{\376\377\000D\000a\000t\000a\000\040\000L\000o\000a\000d\000i\000n\000g\000\040\000a\000n\000d\000\040\000C\000l\000e\000a\000n\000i\000n\000g}{subsection.10.10}% 225
\BOOKMARK [3][-]{subsubsection.10.10.3}{\376\377\000F\000e\000a\000t\000u\000r\000e\000\040\000S\000e\000l\000e\000c\000t\000i\000o\000n}{subsection.10.10}% 226
\BOOKMARK [3][-]{subsubsection.10.10.4}{\376\377\000T\000h\000e\000\040\000S\000U\000R\000D\000-\000S\000t\000a\000t\000e\000s\000\040\000A\000l\000g\000o\000r\000i\000t\000h\000m}{subsection.10.10}% 227
\BOOKMARK [3][-]{subsubsection.10.10.5}{\376\377\000F\000r\000o\000m\000\040\000D\000i\000s\000c\000o\000v\000e\000r\000y\000\040\000t\000o\000\040\000C\000a\000u\000s\000a\000l\000\040\000M\000o\000d\000e\000l}{subsection.10.10}% 228
\BOOKMARK [2][-]{subsection.10.11}{\376\377\000C\000r\000o\000s\000s\000-\000L\000a\000y\000e\000r\000\040\000C\000o\000m\000p\000o\000s\000i\000t\000i\000o\000n}{section.10}% 229
\BOOKMARK [2][-]{subsection.10.12}{\376\377\000V\000a\000l\000i\000d\000a\000t\000i\000o\000n\000\040\000a\000n\000d\000\040\000V\000e\000r\000i\000f\000i\000c\000a\000t\000i\000o\000n}{section.10}% 230
\BOOKMARK [3][-]{subsubsection.10.12.1}{\376\377\000O\000v\000e\000r\000v\000i\000e\000w}{subsection.10.12}% 231
\BOOKMARK [3][-]{subsubsection.10.12.2}{\376\377\000T\000o\000o\000l\000c\000h\000a\000i\000n}{subsection.10.12}% 232
\BOOKMARK [3][-]{subsubsection.10.12.3}{\376\377\000H\000e\000r\000m\000e\000t\000i\000c\000\040\000B\000u\000i\000l\000d\000s\000\040\000a\000n\000d\000\040\000T\000e\000s\000t\000s}{subsection.10.12}% 233
\BOOKMARK [3][-]{subsubsection.10.12.4}{\376\377\000D\000e\000s\000i\000g\000n\000\040\000P\000r\000i\000n\000c\000i\000p\000l\000e\000s}{subsection.10.12}% 234
\BOOKMARK [3][-]{subsubsection.10.12.5}{\376\377\000Z\000e\000r\000o\000\040\000E\000x\000t\000e\000r\000n\000a\000l\000\040\000D\000e\000p\000e\000n\000d\000e\000n\000c\000i\000e\000s}{subsection.10.12}% 235
\BOOKMARK [3][-]{subsubsection.10.12.6}{\376\377\000Z\000e\000r\000o\000\040\000U\000n\000s\000a\000f\000e\000\040\000C\000o\000d\000e}{subsection.10.12}% 236
\BOOKMARK [3][-]{subsubsection.10.12.7}{\376\377\000Z\000e\000r\000o\000\040\000M\000a\000c\000r\000o\000s\000\040\000i\000n\000\040\000L\000i\000b\000r\000a\000r\000i\000e\000s}{subsection.10.12}% 237
\BOOKMARK [1][-]{section.11}{\376\377\000E\000x\000a\000m\000p\000l\000e\000s}{}% 238
\BOOKMARK [2][-]{subsection.11.1}{\376\377\000E\000x\000a\000m\000p\000l\000e\000:\000\040\000E\000v\000e\000n\000t\000\040\000H\000o\000r\000i\000z\000o\000n}{section.11}% 239
\BOOKMARK [2][-]{subsection.11.2}{\376\377\000E\000x\000a\000m\000p\000l\000e\000:\000\040\000A\000v\000i\000o\000n\000i\000c\000s}{section.11}% 240
\BOOKMARK [2][-]{subsection.11.3}{\376\377\000E\000x\000a\000m\000p\000l\000e\000:\000\040\000C\000h\000r\000o\000n\000o\000\040\000G\000r\000a\000v\000i\000m\000e\000t\000r\000y}{section.11}% 241
\BOOKMARK [1][-]{section.12}{\376\377\000F\000u\000t\000u\000r\000e\000\040\000W\000o\000r\000k}{}% 242
\BOOKMARK [2][-]{subsection.12.1}{\376\377\000C\000o\000n\000t\000e\000x\000t\000u\000a\000l\000\040\000C\000a\000u\000s\000a\000l\000\040\000D\000i\000s\000c\000o\000v\000e\000r\000y}{section.12}% 243
\BOOKMARK [2][-]{subsection.12.2}{\376\377\000T\000e\000l\000e\000o\000l\000o\000g\000i\000c\000a\000l\000\040\000I\000n\000q\000u\000i\000r\000y}{section.12}% 244
\BOOKMARK [2][-]{subsection.12.3}{\376\377\000I\000n\000d\000e\000f\000i\000n\000i\000t\000e\000\040\000C\000a\000u\000s\000a\000l\000\040\000S\000t\000r\000u\000c\000t\000u\000r\000e\000s}{section.12}% 245
\BOOKMARK [2][-]{subsection.12.4}{\376\377\000D\000i\000s\000c\000u\000s\000s\000i\000o\000n}{section.12}% 246
\BOOKMARK [1][-]{section.13}{\376\377\000E\000p\000i\000l\000o\000g\000u\000e}{}% 247
\BOOKMARK [1][-]{section.13}{\376\377\000A\000p\000p\000e\000n\000d\000i\000x\000\040\000A\000:\000\040\000F\000o\000r\000m\000a\000l\000\040\000P\000r\000o\000o\000f\000\040\000o\000f\000\040\000S\000C\000M\000\040\000S\000u\000b\000s\000u\000m\000p\000t\000i\000o\000n}{}% 248
\BOOKMARK [1][-]{Item.147}{\376\377\000G\000l\000o\000s\000s\000a\000r\000y}{}% 249
\BOOKMARK [1][-]{Item.147}{\376\377\000R\000e\000f\000e\000r\000e\000n\000c\000e\000s}{}% 250
